Build started 12/1/2015 10:37:16 AM.
     1>Project "F:\Documents\Dropbox\Documents\COEN148\Assignments\Homework3\Homework3\vs\hw3RT\hw3RT\hw3RT.vcxproj" on node 2 (Build target(s)).
     1>ClCompile:
         C:\Program Files (x86)\Microsoft Visual Studio 14.0\VC\bin\x86_amd64\CL.exe /c /ZI /nologo /W3 /WX- /Od /D _DEBUG /D _CONSOLE /D _UNICODE /D UNICODE /Gm /EHsc /RTC1 /MDd /GS /fp:precise /Zc:wchar_t /Zc:forScope /Zc:inline /Fo"x64\Debug\\" /Fd"x64\Debug\vc140.pdb" /Gd /TP /errorReport:prompt ..\..\..\main.cpp
         main.cpp
     1>f:\documents\dropbox\documents\coen148\assignments\homework3\homework3\vector.h(4): warning C4005: 'INFINITY': macro redefinition
         c:\program files (x86)\windows kits\10\include\10.0.10150.0\ucrt\math.h(78): note: see previous definition of 'INFINITY'
     1>f:\documents\dropbox\documents\coen148\assignments\homework3\homework3\object.h(5): warning C4091: 'typedef ': ignored on left of 'MATERIAL_TYPE' when no variable is declared
     1>f:\documents\dropbox\documents\coen148\assignments\homework3\homework3\object.h(6): warning C4091: 'typedef ': ignored on left of 'SHAPE_TYPE' when no variable is declared
     1>f:\documents\dropbox\documents\coen148\assignments\homework3\homework3\main.cpp(226): warning C4700: uninitialized local variable 'distance' used
       Link:
         C:\Program Files (x86)\Microsoft Visual Studio 14.0\VC\bin\x86_amd64\link.exe /ERRORREPORT:PROMPT /OUT:"F:\Documents\Dropbox\Documents\COEN148\Assignments\Homework3\Homework3\vs\hw3RT\x64\Debug\hw3RT.exe" /INCREMENTAL /NOLOGO kernel32.lib user32.lib gdi32.lib winspool.lib comdlg32.lib advapi32.lib shell32.lib ole32.lib oleaut32.lib uuid.lib odbc32.lib odbccp32.lib /MANIFEST /MANIFESTUAC:"level='asInvoker' uiAccess='false'" /manifest:embed /Debug /PDB:"F:\Documents\Dropbox\Documents\COEN148\Assignments\Homework3\Homework3\vs\hw3RT\x64\Debug\hw3RT.pdb" /SUBSYSTEM:CONSOLE /TLBID:1 /DYNAMICBASE /NXCOMPAT /IMPLIB:"F:\Documents\Dropbox\Documents\COEN148\Assignments\Homework3\Homework3\vs\hw3RT\x64\Debug\hw3RT.lib" /MACHINE:X64 x64\Debug\main.obj
     1>LINK : fatal error LNK1104: cannot open file 'glut32.lib'
     1>Done Building Project "F:\Documents\Dropbox\Documents\COEN148\Assignments\Homework3\Homework3\vs\hw3RT\hw3RT\hw3RT.vcxproj" (Build target(s)) -- FAILED.

Build FAILED.

Time Elapsed 00:00:01.06
